<?xml version="1.0" encoding="UTF-8"?>
<!-- Generated by org.testng.reporters.JUnitXMLReporter -->
<testsuite hostname="Lenovo-PC" name="Test" tests="32" failures="3" timestamp="11 Nov 2015 03:07:40 GMT" time="7.856" errors="0">
  <testcase name="activateCommentTest" time="1.679" classname="com.uxian.foodgroup.V2.ActivateCommentTest"/>
  <testcase name="activateCommentTest" time="0.059" classname="com.uxian.foodgroup.V2.ActivateCommentTest"/>
  <testcase name="activateCommentTest" time="0.047" classname="com.uxian.foodgroup.V2.ActivateCommentTest"/>
  <testcase name="noRequiredTest" time="0.032" classname="com.uxian.foodgroup.V2.ActivateCommentTest"/>
  <testcase name="noRequiredTest" time="0.08" classname="com.uxian.foodgroup.V2.ActivateCommentTest"/>
  <testcase name="noRequiredTest" time="0.03" classname="com.uxian.foodgroup.V2.ActivateCommentTest"/>
  <testcase name="hotConstituteItems" time="0.339" classname="com.uxian.foodgroup.V2.HotConstituteItemsTest"/>
  <testcase name="hotConstituteItems" time="0.098" classname="com.uxian.foodgroup.V2.HotConstituteItemsTest"/>
  <testcase name="inviteFoodUsersTest" time="0.469" classname="com.uxian.foodgroup.V2.InviteFoodUsersTest"/>
  <testcase name="inviteFoodUsersTest" time="0.406" classname="com.uxian.foodgroup.V2.InviteFoodUsersTest"/>
  <testcase name="isRepeatTest" time="0.137" classname="com.uxian.foodgroup.V2.IsRepeatUserNameTest"/>
  <testcase name="isRepeatTest" time="0.083" classname="com.uxian.foodgroup.V2.IsRepeatUserNameTest"/>
  <testcase name="noRequired" time="0.034" classname="com.uxian.foodgroup.V2.IsRepeatUserNameTest"/>
  <testcase name="postSearChByTagTest" time="0.522" classname="com.uxian.foodgroup.V2.PostSearChByTagTest"/>
  <testcase name="postSearChByTagTest" time="0.214" classname="com.uxian.foodgroup.V2.PostSearChByTagTest"/>
  <testcase name="postSearChByTagTest" time="0.07" classname="com.uxian.foodgroup.V2.PostSearChByTagTest"/>
  <testcase name="postSearChByTagTest" time="0.045" classname="com.uxian.foodgroup.V2.PostSearChByTagTest"/>
  <testcase name="searchTagsTest" time="0.294" classname="com.uxian.foodgroup.V2.SearchTagsTest"/>
  <testcase name="searchTagsTest" time="0.068" classname="com.uxian.foodgroup.V2.SearchTagsTest"/>
  <testcase name="searchTagsTest" time="0.094" classname="com.uxian.foodgroup.V2.SearchTagsTest"/>
  <testcase name="searchTagsnoFinerTest" time="0.047" classname="com.uxian.foodgroup.V2.SearchTagsTest"/>
  <testcase name="unAttentionFoodUsersTest" time="1.313" classname="com.uxian.foodgroup.V2.UnAttentionFoodUsersTest">
    <failure type="java.lang.AssertionError" message="expected [2] but found [5]">
      <![CDATA[java.lang.AssertionError: expected [2] but found [5]
	at com.uxian.foodgroup.V2.UnAttentionFoodUsersTest.unAttentionFoodUsersTest(UnAttentionFoodUsersTest.java:81)
... Removed 32 stack frames]]>
    </failure>
  </testcase> <!-- unAttentionFoodUsersTest -->
  <testcase name="foodpostShareTest" time="0.216" classname="com.uxian.foodgroup.V2.FoodpostShareTest"/>
  <testcase name="foodStampSourceTest" time="0.222" classname="com.uxian.foodgroup.V2.FoodStampSourceTest"/>
  <testcase name="foodStampSourceTest" time="0.218" classname="com.uxian.foodgroup.V2.FoodStampSourceTest"/>
  <testcase name="foodpostRewardTest" time="0.348" classname="com.uxian.foodgroup.V2.FoodpostRewardTest"/>
  <testcase name="foodpostRewardTest" time="0.158" classname="com.uxian.foodgroup.V2.FoodpostRewardTest">
    <failure type="java.lang.AssertionError" message="expected [Failed] but found [Success]">
      <![CDATA[java.lang.AssertionError: expected [Failed] but found [Success]
	at com.uxian.foodgroup.V2.FoodpostRewardTest.foodpostRewardTest(FoodpostRewardTest.java:83)
... Removed 32 stack frames]]>
    </failure>
  </testcase> <!-- foodpostRewardTest -->
  <testcase name="foodpostRewardTest" time="0.151" classname="com.uxian.foodgroup.V2.FoodpostRewardTest">
    <failure type="java.lang.AssertionError" message="expected [Failed] but found [Success]">
      <![CDATA[java.lang.AssertionError: expected [Failed] but found [Success]
	at com.uxian.foodgroup.V2.FoodpostRewardTest.foodpostRewardTest(FoodpostRewardTest.java:83)
... Removed 32 stack frames]]>
    </failure>
  </testcase> <!-- foodpostRewardTest -->
  <testcase name="getData_unnormalTest" time="0.044" classname="com.uxian.foodgroup.V2.FoodpostRewardTest"/>
  <testcase name="getData_unnormalTest" time="0.024" classname="com.uxian.foodgroup.V2.FoodpostRewardTest"/>
  <testcase name="getData_unnormalTest" time="0.016" classname="com.uxian.foodgroup.V2.FoodpostRewardTest"/>
  <testcase name="noPayModeTest" time="0.093" classname="com.uxian.foodgroup.V2.FoodpostRewardTest"/>
</testsuite> <!-- Test -->
