<?xml version="1.0" encoding="UTF-8"?>
<!-- Generated by org.testng.reporters.JUnitReportReporter -->
<testsuite hostname="Lenovo-PC" name="com.uxian.foodgroup.FoodPostUserInfo.IsRepeatUserNameTest" tests="6" failures="1" timestamp="17 Dec 2015 09:47:12 GMT" time="1.006" errors="0">
  <testcase name="noRequired" time="0.090" classname="com.uxian.foodgroup.FoodPostUserInfo.IsRepeatUserNameTest"/>
  <testcase name="noRequired" time="0.167" classname="com.uxian.foodgroup.FoodPostUserInfo.IsRepeatUserNameTest"/>
  <testcase name="noRequired" time="0.030" classname="com.uxian.foodgroup.FoodPostUserInfo.IsRepeatUserNameTest"/>
  <testcase name="noRequired" time="0.067" classname="com.uxian.foodgroup.FoodPostUserInfo.IsRepeatUserNameTest"/>
  <testcase name="isRepeatTest" time="0.049" classname="com.uxian.foodgroup.FoodPostUserInfo.IsRepeatUserNameTest">
    <failure type="java.lang.AssertionError" message="expected [true] but found [false]">
      <![CDATA[java.lang.AssertionError: expected [true] but found [false]
	at org.testng.Assert.fail(Assert.java:94)
	at org.testng.Assert.failNotEquals(Assert.java:496)
	at org.testng.Assert.assertEquals(Assert.java:125)
	at org.testng.Assert.assertEquals(Assert.java:288)
	at org.testng.Assert.assertEquals(Assert.java:298)
	at com.uxian.foodgroup.FoodPostUserInfo.IsRepeatUserNameTest.isRepeatTest(IsRepeatUserNameTest.java:78)
	at sun.reflect.NativeMethodAccessorImpl.invoke0(Native Method)
	at sun.reflect.NativeMethodAccessorImpl.invoke(NativeMethodAccessorImpl.java:57)
	at sun.reflect.DelegatingMethodAccessorImpl.invoke(DelegatingMethodAccessorImpl.java:43)
	at java.lang.reflect.Method.invoke(Method.java:606)
	at org.testng.internal.MethodInvocationHelper.invokeMethod(MethodInvocationHelper.java:85)
	at org.testng.internal.Invoker.invokeMethod(Invoker.java:659)
	at org.testng.internal.Invoker.invokeTestMethod(Invoker.java:845)
	at org.testng.internal.Invoker.invokeTestMethods(Invoker.java:1153)
	at org.testng.internal.TestMethodWorker.invokeTestMethods(TestMethodWorker.java:125)
	at org.testng.internal.TestMethodWorker.run(TestMethodWorker.java:108)
	at org.testng.TestRunner.privateRun(TestRunner.java:771)
	at org.testng.TestRunner.run(TestRunner.java:621)
	at org.testng.SuiteRunner.runTest(SuiteRunner.java:357)
	at org.testng.SuiteRunner.runSequentially(SuiteRunner.java:352)
	at org.testng.SuiteRunner.privateRun(SuiteRunner.java:310)
	at org.testng.SuiteRunner.run(SuiteRunner.java:259)
	at org.testng.SuiteRunnerWorker.runSuite(SuiteRunnerWorker.java:52)
	at org.testng.SuiteRunnerWorker.run(SuiteRunnerWorker.java:86)
	at org.testng.TestNG.runSuitesSequentially(TestNG.java:1199)
	at org.testng.TestNG.runSuitesLocally(TestNG.java:1124)
	at org.testng.TestNG.run(TestNG.java:1032)
	at org.testng.remote.RemoteTestNG.run(RemoteTestNG.java:111)
	at org.testng.remote.RemoteTestNG.initAndRun(RemoteTestNG.java:204)
	at org.testng.remote.RemoteTestNG.main(RemoteTestNG.java:175)
]]>
    </failure>
  </testcase> <!-- isRepeatTest -->
  <testcase name="isRepeatTest" time="0.603" classname="com.uxian.foodgroup.FoodPostUserInfo.IsRepeatUserNameTest"/>
</testsuite> <!-- com.uxian.foodgroup.FoodPostUserInfo.IsRepeatUserNameTest -->
